<?xml version="1.0" encoding="UTF-8"?>
<!-- Generated by org.testng.reporters.JUnitReportReporter -->
<testsuite skipped="0" hostname="macpk-wks-0135" name="Master.Level2Connect" tests="4" failures="0" timestamp="2020-05-07T18:16:36 PKT" time="167.999" errors="0">
  <testcase name="ConnectLoginApp" time="6.772" classname="Master.Level2Connect"/>
  <testcase name="Advanced_SearchResult" time="3.462" classname="Master.Level2Connect"/>
  <testcase name="DistCreditScore" time="131.468" classname="Master.Level2Connect"/>
  <testcase name="ASIMediaStats" time="26.297" classname="Master.Level2Connect"/>
</testsuite> <!-- Master.Level2Connect -->
