<?xml version="1.0" encoding="UTF-8"?>
<!-- Generated by org.testng.reporters.JUnitReportReporter -->
<testsuite hostname="macpk-wks-0135" failures="0" tests="1" name="Scenarios.ExecutionFile" time="76.521" errors="0" timestamp="2021-02-07T20:53:51 PKT" skipped="0">
  <testcase classname="Scenarios.ExecutionFile" name="Verify_CompanyRegistration" time="76.521"/>
  <system-out/>
</testsuite> <!-- Scenarios.ExecutionFile -->
